<?xml version="1.0" encoding="UTF-8"?>
<!-- Generated by org.testng.reporters.JUnitXMLReporter -->
<testsuite ignored="3" hostname="LAPTOP-4QDIKF2C" failures="0" tests="2" name="Default test" time="75.576" errors="0" timestamp="2023-10-14T11:36:31 IST">
  <testcase classname="com.pom.tests.EditCustomarTest" name="editCustomarTest" time="32.918"/>
  <testcase classname="com.pom.tests.LoginTest" name="validLoginTest" time="39.052"/>
  <testcase classname="com.pom.utils.Hooks" name="@AfterTest afterTest" time="0.0">
    <ignored/>
  </testcase> <!-- @AfterTest afterTest -->
  <testcase classname="com.pom.utils.Hooks" name="@BeforeTest beforeTest" time="0.0">
    <ignored/>
  </testcase> <!-- @BeforeTest beforeTest -->
  <testcase classname="com.pom.utils.Hooks" name="@AfterSuite afterAll" time="0.0">
    <ignored/>
  </testcase> <!-- @AfterSuite afterAll -->
</testsuite> <!-- Default test -->
