<?xml version="1.0" encoding="UTF-8"?>
<testng-results ignored="0" total="1" passed="1" failed="0" skipped="0">
  <reporter-output>
  </reporter-output>
  <suite started-at="2023-10-07T11:07:50 IST" name="Default suite" finished-at="2023-10-07T11:08:07 IST" duration-ms="16428">
    <groups>
    </groups>
    <test started-at="2023-10-07T11:07:50 IST" name="Default test" finished-at="2023-10-07T11:08:07 IST" duration-ms="16428">
      <class name="com.pom.tests.EditCustomarTest">
        <test-method is-config="true" signature="beforeAll()[pri:0, instance:com.pom.tests.EditCustomarTest@71d44a3]" started-at="2023-10-07T11:07:50 IST" name="beforeAll" finished-at="2023-10-07T11:07:50 IST" duration-ms="14" status="PASS">
          <reporter-output>
          </reporter-output>
        </test-method> <!-- beforeAll -->
        <test-method is-config="true" signature="beforeTest()[pri:0, instance:com.pom.tests.EditCustomarTest@71d44a3]" started-at="2023-10-07T11:07:50 IST" name="beforeTest" finished-at="2023-10-07T11:07:50 IST" duration-ms="0" status="PASS">
          <reporter-output>
          </reporter-output>
        </test-method> <!-- beforeTest -->
        <test-method is-config="true" signature="beforeMethod()[pri:0, instance:com.pom.tests.EditCustomarTest@71d44a3]" started-at="2023-10-07T11:07:50 IST" name="beforeMethod" finished-at="2023-10-07T11:07:52 IST" duration-ms="1663" status="PASS">
          <reporter-output>
          </reporter-output>
        </test-method> <!-- beforeMethod -->
        <test-method signature="editCustomarTest()[pri:0, instance:com.pom.tests.EditCustomarTest@71d44a3]" started-at="2023-10-07T11:07:52 IST" name="editCustomarTest" finished-at="2023-10-07T11:08:07 IST" duration-ms="14511" status="PASS">
          <reporter-output>
          </reporter-output>
        </test-method> <!-- editCustomarTest -->
        <test-method is-config="true" signature="afterMethod()[pri:0, instance:com.pom.tests.EditCustomarTest@71d44a3]" started-at="2023-10-07T11:08:07 IST" name="afterMethod" finished-at="2023-10-07T11:08:07 IST" duration-ms="205" status="PASS">
          <reporter-output>
          </reporter-output>
        </test-method> <!-- afterMethod -->
        <test-method is-config="true" signature="afterTest()[pri:0, instance:com.pom.tests.EditCustomarTest@71d44a3]" started-at="2023-10-07T11:08:07 IST" name="afterTest" finished-at="2023-10-07T11:08:07 IST" duration-ms="1" status="PASS">
          <reporter-output>
          </reporter-output>
        </test-method> <!-- afterTest -->
        <test-method is-config="true" signature="afterAll()[pri:0, instance:com.pom.tests.EditCustomarTest@71d44a3]" started-at="2023-10-07T11:08:07 IST" name="afterAll" finished-at="2023-10-07T11:08:07 IST" duration-ms="0" status="PASS">
          <reporter-output>
          </reporter-output>
        </test-method> <!-- afterAll -->
      </class> <!-- com.pom.tests.EditCustomarTest -->
    </test> <!-- Default test -->
  </suite> <!-- Default suite -->
</testng-results>
